<?xml version="1.0" encoding="UTF-8"?>
<!-- Generated by org.testng.reporters.JUnitXMLReporter -->
<testsuite hostname="Hirens-MBP-2.fios-router.home" ignored="0" name="Command line test" tests="6" failures="0" timestamp="2021-03-16T17:59:52 EDT" time="0.055" errors="0">
  <testcase name="App" time="0.008" classname="hinal_qa.maven_java.appiumTest"/>
  <testcase name="nativeApp" time="0.001" classname="hinal_qa.maven_java.appiumTest"/>
  <testcase name="BrowserAutomation" time="0.0" classname="hinal_qa.maven_java.SeleniumTest"/>
  <testcase name="elementsUi" time="0.0" classname="hinal_qa.maven_java.SeleniumTest"/>
  <testcase name="Api" time="0.001" classname="hinal_qa.maven_java.RestapiTest"/>
  <testcase name="apitest" time="0.0" classname="hinal_qa.maven_java.RestapiTest"/>
</testsuite> <!-- Command line test -->
