<?xml version="1.0" encoding="UTF-8"?>
<testsuite xmlns:xsi="http://www.w3.org/2001/XMLSchema-instance" xsi:noNamespaceSchemaLocation="https://maven.apache.org/surefire/maven-surefire-plugin/xsd/surefire-test-report-3.0.xsd" version="3.0" name="TestSuite" time="0.73" tests="6" errors="0" skipped="0" failures="0">
  <properties>
[...]
</properties>
  <testcase name="App" classname="hinal_qa.maven_java.appiumTest" time="0.009">
    <system-out><![CDATA[App
]]></system-out>
  </testcase>
  <testcase name="nativeApp" classname="hinal_qa.maven_java.appiumTest" time="0">
    <system-out><![CDATA[nativeApp
]]></system-out>
  </testcase>
  <testcase name="Api" classname="hinal_qa.maven_java.RestapiTest" time="0.001">
    <system-out><![CDATA[Api
]]></system-out>
  </testcase>
  <testcase name="apitest" classname="hinal_qa.maven_java.RestapiTest" time="0">
    <system-out><![CDATA[apitest
]]></system-out>
  </testcase>
  <testcase name="BrowserAutomation" classname="hinal_qa.maven_java.SeleniumTest" time="0.001">
    <system-out><![CDATA[BrowserAutomation
]]></system-out>
  </testcase>
  <testcase name="elementsUi" classname="hinal_qa.maven_java.SeleniumTest" time="0">
    <system-out><![CDATA[elementsUi
]]></system-out>
  </testcase>
</testsuite>